<?xml version="1.0" encoding="UTF-8"?>
<coverage generated="1660472303">
  <project timestamp="1660472303">
    <file name="/home/smoren/projects/schemator-php/src/Components/MassSchemator.php">
      <class name="Smoren\Schemator\Components\MassSchemator" namespace="global">
        <metrics complexity="5" methods="3" coveredmethods="3" conditionals="0" coveredconditionals="0" statements="8" coveredstatements="8" elements="11" coveredelements="11"/>
      </class>
      <line num="25" type="method" name="__construct" visibility="public" complexity="1" crap="1" count="3"/>
      <line num="27" type="stmt" count="3"/>
      <line num="37" type="method" name="generate" visibility="public" complexity="2" crap="2" count="3"/>
      <line num="39" type="stmt" count="3"/>
      <line num="40" type="stmt" count="3"/>
      <line num="51" type="method" name="exec" visibility="public" complexity="2" crap="2" count="2"/>
      <line num="53" type="stmt" count="2"/>
      <line num="54" type="stmt" count="2"/>
      <line num="56" type="stmt" count="2"/>
      <line num="57" type="stmt" count="2"/>
      <line num="60" type="stmt" count="2"/>
      <metrics loc="63" ncloc="38" classes="1" methods="3" coveredmethods="3" conditionals="0" coveredconditionals="0" statements="8" coveredstatements="8" elements="11" coveredelements="11"/>
    </file>
    <file name="/home/smoren/projects/schemator-php/src/Components/NestedAccessor.php">
      <class name="Smoren\Schemator\Components\NestedAccessor" namespace="global">
        <metrics complexity="29" methods="5" coveredmethods="5" conditionals="0" coveredconditionals="0" statements="55" coveredstatements="55" elements="60" coveredelements="60"/>
      </class>
      <line num="32" type="method" name="__construct" visibility="public" complexity="3" crap="3" count="17"/>
      <line num="34" type="stmt" count="17"/>
      <line num="35" type="stmt" count="11"/>
      <line num="38" type="stmt" count="17"/>
      <line num="39" type="stmt" count="1"/>
      <line num="43" type="stmt" count="16"/>
      <line num="44" type="stmt" count="16"/>
      <line num="54" type="method" name="get" visibility="public" complexity="5" crap="5" count="16"/>
      <line num="57" type="stmt" count="16"/>
      <line num="59" type="stmt" count="1"/>
      <line num="63" type="stmt" count="16"/>
      <line num="64" type="stmt" count="16"/>
      <line num="67" type="stmt" count="16"/>
      <line num="68" type="stmt" count="16"/>
      <line num="69" type="stmt" count="16"/>
      <line num="75" type="stmt" count="16"/>
      <line num="76" type="stmt" count="3"/>
      <line num="79" type="stmt" count="16"/>
      <line num="90" type="method" name="set" visibility="public" complexity="1" crap="1" count="10"/>
      <line num="92" type="stmt" count="10"/>
      <line num="102" type="method" name="_get" visibility="protected" complexity="13" crap="13" count="16"/>
      <line num="105" type="stmt" count="16"/>
      <line num="107" type="stmt" count="16"/>
      <line num="109" type="stmt" count="9"/>
      <line num="112" type="stmt" count="14"/>
      <line num="115" type="stmt" count="16"/>
      <line num="119" type="stmt" count="16"/>
      <line num="120" type="stmt" count="16"/>
      <line num="122" type="stmt" count="16"/>
      <line num="123" type="stmt" count="16"/>
      <line num="125" type="stmt" count="4"/>
      <line num="127" type="stmt" count="4"/>
      <line num="130" type="stmt" count="16"/>
      <line num="131" type="stmt" count="4"/>
      <line num="132" type="stmt" count="2"/>
      <line num="134" type="stmt" count="1"/>
      <line num="136" type="stmt" count="1"/>
      <line num="139" type="stmt" count="2"/>
      <line num="142" type="stmt" count="3"/>
      <line num="144" type="stmt" count="3"/>
      <line num="149" type="stmt" count="16"/>
      <line num="151" type="stmt" count="9"/>
      <line num="152" type="stmt" count="9"/>
      <line num="155" type="stmt" count="9"/>
      <line num="156" type="stmt" count="9"/>
      <line num="159" type="stmt" count="9"/>
      <line num="165" type="stmt" count="16"/>
      <line num="177" type="method" name="_set" visibility="protected" complexity="7" crap="7" count="10"/>
      <line num="179" type="stmt" count="10"/>
      <line num="181" type="stmt" count="10"/>
      <line num="182" type="stmt" count="10"/>
      <line num="184" type="stmt" count="1"/>
      <line num="188" type="stmt" count="10"/>
      <line num="189" type="stmt" count="1"/>
      <line num="190" type="stmt" count="1"/>
      <line num="192" type="stmt" count="1"/>
      <line num="194" type="stmt" count="10"/>
      <line num="198" type="stmt" count="10"/>
      <line num="199" type="stmt" count="10"/>
      <line num="201" type="stmt" count="10"/>
      <metrics loc="203" ncloc="124" classes="1" methods="5" coveredmethods="5" conditionals="0" coveredconditionals="0" statements="55" coveredstatements="55" elements="60" coveredelements="60"/>
    </file>
    <file name="/home/smoren/projects/schemator-php/src/Components/Schemator.php">
      <class name="Smoren\Schemator\Components\Schemator" namespace="global">
        <metrics complexity="27" methods="9" coveredmethods="9" conditionals="0" coveredconditionals="0" statements="47" coveredstatements="47" elements="56" coveredelements="56"/>
      </class>
      <line num="37" type="method" name="__construct" visibility="public" complexity="1" crap="1" count="12"/>
      <line num="42" type="stmt" count="12"/>
      <line num="43" type="stmt" count="12"/>
      <line num="54" type="method" name="exec" visibility="public" complexity="3" crap="3" count="10"/>
      <line num="56" type="stmt" count="10"/>
      <line num="58" type="stmt" count="10"/>
      <line num="59" type="stmt" count="10"/>
      <line num="60" type="stmt" count="10"/>
      <line num="61" type="stmt" count="1"/>
      <line num="63" type="stmt" count="9"/>
      <line num="66" type="stmt" count="9"/>
      <line num="77" type="method" name="getValue" visibility="public" complexity="8" crap="8" count="12"/>
      <line num="79" type="stmt" count="12"/>
      <line num="80" type="stmt" count="3"/>
      <line num="83" type="stmt" count="12"/>
      <line num="84" type="stmt" count="1"/>
      <line num="87" type="stmt" count="12"/>
      <line num="88" type="stmt" count="12"/>
      <line num="91" type="stmt" count="8"/>
      <line num="92" type="stmt" count="8"/>
      <line num="95" type="stmt" count="1"/>
      <line num="104" type="method" name="addFilter" visibility="public" complexity="1" crap="1" count="9"/>
      <line num="106" type="stmt" count="9"/>
      <line num="107" type="stmt" count="9"/>
      <line num="117" type="method" name="getValueByKey" visibility="protected" complexity="2" crap="2" count="12"/>
      <line num="120" type="stmt" count="12"/>
      <line num="121" type="stmt" count="12"/>
      <line num="122" type="stmt" count="1"/>
      <line num="123" type="stmt" count="1"/>
      <line num="134" type="method" name="getValueByFilters" visibility="protected" complexity="5" crap="5" count="8"/>
      <line num="136" type="stmt" count="8"/>
      <line num="137" type="stmt" count="8"/>
      <line num="138" type="stmt" count="8"/>
      <line num="139" type="stmt" count="8"/>
      <line num="140" type="stmt" count="8"/>
      <line num="141" type="stmt" count="7"/>
      <line num="143" type="stmt" count="1"/>
      <line num="144" type="stmt" count="1"/>
      <line num="146" type="stmt" count="1"/>
      <line num="150" type="stmt" count="8"/>
      <line num="160" type="method" name="getValueFromUnsupportedSource" visibility="protected" complexity="2" crap="2" count="1"/>
      <line num="162" type="stmt" count="1"/>
      <line num="163" type="stmt" count="1"/>
      <line num="165" type="stmt" count="1"/>
      <line num="175" type="method" name="getValueByUnsupportedKey" visibility="protected" complexity="2" crap="2" count="1"/>
      <line num="177" type="stmt" count="1"/>
      <line num="178" type="stmt" count="1"/>
      <line num="180" type="stmt" count="1"/>
      <line num="192" type="method" name="runFilter" visibility="protected" complexity="3" crap="3" count="7"/>
      <line num="194" type="stmt" count="7"/>
      <line num="196" type="stmt" count="7"/>
      <line num="199" type="stmt" count="7"/>
      <line num="200" type="stmt" count="2"/>
      <line num="201" type="stmt" count="2"/>
      <line num="202" type="stmt" count="1"/>
      <line num="205" type="stmt" count="1"/>
      <metrics loc="209" ncloc="133" classes="1" methods="9" coveredmethods="9" conditionals="0" coveredconditionals="0" statements="47" coveredstatements="47" elements="56" coveredelements="56"/>
    </file>
    <file name="/home/smoren/projects/schemator-php/src/Exceptions/NestedAccessorException.php">
      <class name="Smoren\Schemator\Exceptions\NestedAccessorException" namespace="global">
        <metrics complexity="3" methods="3" coveredmethods="3" conditionals="0" coveredconditionals="0" statements="8" coveredstatements="8" elements="11" coveredelements="11"/>
      </class>
      <line num="24" type="method" name="createAsSourceIsScalar" visibility="public" complexity="1" crap="1" count="1"/>
      <line num="26" type="stmt" count="1"/>
      <line num="31" type="stmt" count="1"/>
      <line num="42" type="method" name="createAsCannotGetValue" visibility="public" complexity="1" crap="1" count="3"/>
      <line num="44" type="stmt" count="3"/>
      <line num="45" type="stmt" count="3"/>
      <line num="49" type="stmt" count="3"/>
      <line num="60" type="method" name="createAsCannotSetValue" visibility="public" complexity="1" crap="1" count="1"/>
      <line num="62" type="stmt" count="1"/>
      <line num="63" type="stmt" count="1"/>
      <line num="67" type="stmt" count="1"/>
      <metrics loc="72" ncloc="52" classes="1" methods="3" coveredmethods="3" conditionals="0" coveredconditionals="0" statements="8" coveredstatements="8" elements="11" coveredelements="11"/>
    </file>
    <file name="/home/smoren/projects/schemator-php/src/Exceptions/SchematorException.php">
      <class name="Smoren\Schemator\Exceptions\SchematorException" namespace="global">
        <metrics complexity="7" methods="6" coveredmethods="6" conditionals="0" coveredconditionals="0" statements="22" coveredstatements="22" elements="28" coveredelements="28"/>
      </class>
      <line num="29" type="method" name="ensureFilterExists" visibility="public" complexity="2" crap="2" count="7"/>
      <line num="31" type="stmt" count="7"/>
      <line num="32" type="stmt" count="2"/>
      <line num="33" type="stmt" count="2"/>
      <line num="37" type="stmt" count="2"/>
      <line num="51" type="method" name="createAsFilterError" visibility="public" complexity="1" crap="1" count="1"/>
      <line num="55" type="stmt" count="1"/>
      <line num="56" type="stmt" count="1"/>
      <line num="60" type="stmt" count="1"/>
      <line num="75" type="method" name="createAsCannotGetValue" visibility="public" complexity="1" crap="1" count="1"/>
      <line num="77" type="stmt" count="1"/>
      <line num="78" type="stmt" count="1"/>
      <line num="82" type="stmt" count="1"/>
      <line num="95" type="method" name="createAsUnsupportedSourceType" visibility="public" complexity="1" crap="1" count="1"/>
      <line num="97" type="stmt" count="1"/>
      <line num="98" type="stmt" count="1"/>
      <line num="99" type="stmt" count="1"/>
      <line num="103" type="stmt" count="1"/>
      <line num="117" type="method" name="createAsUnsupportedKeyType" visibility="public" complexity="1" crap="1" count="1"/>
      <line num="119" type="stmt" count="1"/>
      <line num="120" type="stmt" count="1"/>
      <line num="121" type="stmt" count="1"/>
      <line num="125" type="stmt" count="1"/>
      <line num="138" type="method" name="createAsUnsupportedFilterConfigType" visibility="public" complexity="1" crap="1" count="1"/>
      <line num="140" type="stmt" count="1"/>
      <line num="141" type="stmt" count="1"/>
      <line num="142" type="stmt" count="1"/>
      <line num="146" type="stmt" count="1"/>
      <metrics loc="152" ncloc="107" classes="1" methods="6" coveredmethods="6" conditionals="0" coveredconditionals="0" statements="22" coveredstatements="22" elements="28" coveredelements="28"/>
    </file>
    <file name="/home/smoren/projects/schemator-php/src/Factories/NestedAccessorFactory.php">
      <class name="Smoren\Schemator\Factories\NestedAccessorFactory" namespace="global">
        <metrics complexity="1" methods="1" coveredmethods="1" conditionals="0" coveredconditionals="0" statements="1" coveredstatements="1" elements="2" coveredelements="2"/>
      </class>
      <line num="24" type="method" name="create" visibility="public" complexity="1" crap="1" count="12"/>
      <line num="26" type="stmt" count="12"/>
      <metrics loc="29" ncloc="18" classes="1" methods="1" coveredmethods="1" conditionals="0" coveredconditionals="0" statements="1" coveredstatements="1" elements="2" coveredelements="2"/>
    </file>
    <file name="/home/smoren/projects/schemator-php/src/Factories/SchematorFactory.php">
      <class name="Smoren\Schemator\Factories\SchematorFactory" namespace="global">
        <metrics complexity="29" methods="3" coveredmethods="3" conditionals="0" coveredconditionals="0" statements="106" coveredstatements="106" elements="109" coveredelements="109"/>
      </class>
      <line num="23" type="method" name="create" visibility="public" complexity="3" crap="3" count="7"/>
      <line num="25" type="stmt" count="7"/>
      <line num="27" type="stmt" count="7"/>
      <line num="28" type="stmt" count="7"/>
      <line num="31" type="stmt" count="7"/>
      <line num="32" type="stmt" count="1"/>
      <line num="35" type="stmt" count="7"/>
      <line num="44" type="method" name="createMass" visibility="public" complexity="1" crap="1" count="1"/>
      <line num="48" type="stmt" count="1"/>
      <line num="55" type="method" name="addBaseFilters" visibility="public" complexity="25" crap="25" count="7"/>
      <line num="57" type="stmt" count="7"/>
      <line num="59" type="stmt" count="7"/>
      <line num="60" type="stmt" count="1"/>
      <line num="64" type="stmt" count="7"/>
      <line num="66" type="stmt" count="7"/>
      <line num="67" type="stmt" count="1"/>
      <line num="71" type="stmt" count="7"/>
      <line num="73" type="stmt" count="7"/>
      <line num="74" type="stmt" count="2"/>
      <line num="75" type="stmt" count="1"/>
      <line num="77" type="stmt" count="2"/>
      <line num="78" type="stmt" count="1"/>
      <line num="80" type="stmt" count="2"/>
      <line num="84" type="stmt" count="7"/>
      <line num="86" type="stmt" count="7"/>
      <line num="87" type="stmt" count="2"/>
      <line num="88" type="stmt" count="1"/>
      <line num="90" type="stmt" count="2"/>
      <line num="94" type="stmt" count="7"/>
      <line num="96" type="stmt" count="7"/>
      <line num="97" type="stmt" count="2"/>
      <line num="98" type="stmt" count="1"/>
      <line num="100" type="stmt" count="2"/>
      <line num="104" type="stmt" count="7"/>
      <line num="106" type="stmt" count="7"/>
      <line num="107" type="stmt" count="2"/>
      <line num="108" type="stmt" count="1"/>
      <line num="110" type="stmt" count="2"/>
      <line num="114" type="stmt" count="7"/>
      <line num="116" type="stmt" count="7"/>
      <line num="117" type="stmt" count="2"/>
      <line num="118" type="stmt" count="1"/>
      <line num="120" type="stmt" count="2"/>
      <line num="124" type="stmt" count="7"/>
      <line num="126" type="stmt" count="7"/>
      <line num="127" type="stmt" count="3"/>
      <line num="128" type="stmt" count="1"/>
      <line num="131" type="stmt" count="3"/>
      <line num="132" type="stmt" count="1"/>
      <line num="135" type="stmt" count="2"/>
      <line num="137" type="stmt" count="2"/>
      <line num="138" type="stmt" count="2"/>
      <line num="139" type="stmt" count="2"/>
      <line num="141" type="stmt" count="2"/>
      <line num="142" type="stmt" count="2"/>
      <line num="143" type="stmt" count="2"/>
      <line num="148" type="stmt" count="2"/>
      <line num="152" type="stmt" count="7"/>
      <line num="154" type="stmt" count="7"/>
      <line num="155" type="stmt" count="3"/>
      <line num="156" type="stmt" count="1"/>
      <line num="158" type="stmt" count="3"/>
      <line num="159" type="stmt" count="1"/>
      <line num="161" type="stmt" count="3"/>
      <line num="163" type="stmt" count="3"/>
      <line num="167" type="stmt" count="7"/>
      <line num="169" type="stmt" count="7"/>
      <line num="170" type="stmt" count="1"/>
      <line num="171" type="stmt" count="1"/>
      <line num="174" type="stmt" count="1"/>
      <line num="175" type="stmt" count="1"/>
      <line num="179" type="stmt" count="7"/>
      <line num="181" type="stmt" count="7"/>
      <line num="182" type="stmt" count="2"/>
      <line num="183" type="stmt" count="1"/>
      <line num="185" type="stmt" count="2"/>
      <line num="189" type="stmt" count="7"/>
      <line num="191" type="stmt" count="7"/>
      <line num="192" type="stmt" count="2"/>
      <line num="193" type="stmt" count="1"/>
      <line num="195" type="stmt" count="2"/>
      <line num="199" type="stmt" count="7"/>
      <line num="201" type="stmt" count="7"/>
      <line num="202" type="stmt" count="2"/>
      <line num="203" type="stmt" count="1"/>
      <line num="206" type="stmt" count="2"/>
      <line num="208" type="stmt" count="2"/>
      <line num="209" type="stmt" count="1"/>
      <line num="212" type="stmt" count="2"/>
      <line num="213" type="stmt" count="2"/>
      <line num="215" type="stmt" count="2"/>
      <line num="216" type="stmt" count="2"/>
      <line num="217" type="stmt" count="2"/>
      <line num="219" type="stmt" count="2"/>
      <line num="220" type="stmt" count="2"/>
      <line num="221" type="stmt" count="2"/>
      <line num="223" type="stmt" count="2"/>
      <line num="224" type="stmt" count="1"/>
      <line num="227" type="stmt" count="2"/>
      <line num="229" type="stmt" count="2"/>
      <line num="230" type="stmt" count="2"/>
      <line num="231" type="stmt" count="2"/>
      <line num="233" type="stmt" count="2"/>
      <line num="234" type="stmt" count="2"/>
      <line num="238" type="stmt" count="2"/>
      <line num="239" type="stmt" count="2"/>
      <line num="243" type="stmt" count="2"/>
      <line num="244" type="stmt" count="1"/>
      <line num="247" type="stmt" count="2"/>
      <metrics loc="252" ncloc="232" classes="1" methods="3" coveredmethods="3" conditionals="0" coveredconditionals="0" statements="106" coveredstatements="106" elements="109" coveredelements="109"/>
    </file>
    <file name="/home/smoren/projects/schemator-php/src/Interfaces/NestedAccessorFactoryInterface.php">
      <metrics loc="19" ncloc="10" classes="0" methods="0" coveredmethods="0" conditionals="0" coveredconditionals="0" statements="0" coveredstatements="0" elements="0" coveredelements="0"/>
    </file>
    <file name="/home/smoren/projects/schemator-php/src/Interfaces/NestedAccessorInterface.php">
      <metrics loc="32" ncloc="14" classes="0" methods="0" coveredmethods="0" conditionals="0" coveredconditionals="0" statements="0" coveredstatements="0" elements="0" coveredelements="0"/>
    </file>
    <file name="/home/smoren/projects/schemator-php/src/Interfaces/SchematorInterface.php">
      <metrics loc="43" ncloc="17" classes="0" methods="0" coveredmethods="0" conditionals="0" coveredconditionals="0" statements="0" coveredstatements="0" elements="0" coveredelements="0"/>
    </file>
    <metrics files="10" loc="1074" ncloc="745" classes="7" methods="30" coveredmethods="30" conditionals="0" coveredconditionals="0" statements="247" coveredstatements="247" elements="277" coveredelements="277"/>
  </project>
</coverage>
